<?xml version="1.0" encoding="UTF-8"?>
<testng-results skipped="0" failed="0" ignored="0" total="1" passed="1">
  <reporter-output>
  </reporter-output>
  <suite name="Default suite" duration-ms="41" started-at="2021-11-12T12:05:09 IST" finished-at="2021-11-12T12:05:09 IST">
    <groups>
    </groups>
    <test name="Default test" duration-ms="41" started-at="2021-11-12T12:05:09 IST" finished-at="2021-11-12T12:05:09 IST">
      <class name="com.TyssClient.TestScripts.Program2">
        <test-method status="PASS" signature="program()[pri:0, instance:com.TyssClient.TestScripts.Program2@1efed156]" name="program" duration-ms="8" started-at="2021-11-12T12:05:09 IST" finished-at="2021-11-12T12:05:09 IST">
          <reporter-output>
          </reporter-output>
        </test-method> <!-- program -->
      </class> <!-- com.TyssClient.TestScripts.Program2 -->
    </test> <!-- Default test -->
  </suite> <!-- Default suite -->
</testng-results>
